c:\users\jacemon\source\repos\bonus-system\bonussystem\bonussystem\x64\debug\vc143.pdb
c:\users\jacemon\source\repos\bonus-system\bonussystem\bonussystem\x64\debug\vc143.idb
c:\users\jacemon\source\repos\bonus-system\bonussystem\bonussystem\x64\debug\user.obj
c:\users\jacemon\source\repos\bonus-system\bonussystem\bonussystem\x64\debug\taskbypercent.obj
c:\users\jacemon\source\repos\bonus-system\bonussystem\bonussystem\x64\debug\taskbypoint.obj
c:\users\jacemon\source\repos\bonus-system\bonussystem\bonussystem\x64\debug\task.obj
c:\users\jacemon\source\repos\bonus-system\bonussystem\bonussystem\x64\debug\menu.obj
c:\users\jacemon\source\repos\bonus-system\bonussystem\bonussystem\x64\debug\main.obj
c:\users\jacemon\source\repos\bonus-system\bonussystem\bonussystem\x64\debug\loginsystem.obj
c:\users\jacemon\source\repos\bonus-system\bonussystem\bonussystem\x64\debug\employee.obj
c:\users\jacemon\source\repos\bonus-system\bonussystem\bonussystem\x64\debug\checking.obj
c:\users\jacemon\source\repos\bonus-system\bonussystem\bonussystem\x64\debug\bonussystem.obj
c:\users\jacemon\source\repos\bonus-system\bonussystem\x64\debug\bonussystem.pdb
c:\users\jacemon\source\repos\bonus-system\bonussystem\bonussystem\x64\debug\bonussystem.tlog\cl.command.1.tlog
c:\users\jacemon\source\repos\bonus-system\bonussystem\bonussystem\x64\debug\bonussystem.tlog\cl.read.1.tlog
c:\users\jacemon\source\repos\bonus-system\bonussystem\bonussystem\x64\debug\bonussystem.tlog\cl.write.1.tlog
c:\users\jacemon\source\repos\bonus-system\bonussystem\bonussystem\x64\debug\bonussystem.tlog\link-cvtres.read.1.tlog
c:\users\jacemon\source\repos\bonus-system\bonussystem\bonussystem\x64\debug\bonussystem.tlog\link-cvtres.write.1.tlog
c:\users\jacemon\source\repos\bonus-system\bonussystem\bonussystem\x64\debug\bonussystem.tlog\link-rc.read.1.tlog
c:\users\jacemon\source\repos\bonus-system\bonussystem\bonussystem\x64\debug\bonussystem.tlog\link-rc.write.1.tlog
c:\users\jacemon\source\repos\bonus-system\bonussystem\bonussystem\x64\debug\bonussystem.tlog\link.7240-cvtres.read.1.tlog
c:\users\jacemon\source\repos\bonus-system\bonussystem\bonussystem\x64\debug\bonussystem.tlog\link.7240-cvtres.write.1.tlog
c:\users\jacemon\source\repos\bonus-system\bonussystem\bonussystem\x64\debug\bonussystem.tlog\link.7240-rc.read.1.tlog
c:\users\jacemon\source\repos\bonus-system\bonussystem\bonussystem\x64\debug\bonussystem.tlog\link.7240-rc.write.1.tlog
c:\users\jacemon\source\repos\bonus-system\bonussystem\bonussystem\x64\debug\bonussystem.tlog\link.7240.read.1.tlog
c:\users\jacemon\source\repos\bonus-system\bonussystem\bonussystem\x64\debug\bonussystem.tlog\link.7240.read.2.tlog
c:\users\jacemon\source\repos\bonus-system\bonussystem\bonussystem\x64\debug\bonussystem.tlog\link.7240.write.1.tlog
c:\users\jacemon\source\repos\bonus-system\bonussystem\bonussystem\x64\debug\bonussystem.tlog\link.command.1.tlog
c:\users\jacemon\source\repos\bonus-system\bonussystem\bonussystem\x64\debug\bonussystem.tlog\link.read.1.tlog
c:\users\jacemon\source\repos\bonus-system\bonussystem\bonussystem\x64\debug\bonussystem.tlog\link.read.2.tlog
c:\users\jacemon\source\repos\bonus-system\bonussystem\bonussystem\x64\debug\bonussystem.tlog\link.write.1.tlog
